Compiling the C compiler identification source file "CMakeCCompilerId.c" failed.
Compiler: D:/msys64/ucrt64/bin/cc.exe 
Build flags: 
Id flags:  

The output was:
1


Compiling the C compiler identification source file "CMakeCCompilerId.c" failed.
Compiler: D:/msys64/ucrt64/bin/cc.exe 
Build flags: 
Id flags: -c 

The output was:
1


Compiling the C compiler identification source file "CMakeCCompilerId.c" failed.
Compiler: D:/msys64/ucrt64/bin/cc.exe 
Build flags: 
Id flags: -Aa 

The output was:
1


Compiling the C compiler identification source file "CMakeCCompilerId.c" failed.
Compiler: D:/msys64/ucrt64/bin/cc.exe 
Build flags: 
Id flags: -D__CLASSIC_C__ 

The output was:
1


Compiling the C compiler identification source file "CMakeCCompilerId.c" failed.
Compiler: D:/msys64/ucrt64/bin/cc.exe 
Build flags: 
Id flags: --target=arm-arm-none-eabi;-mcpu=cortex-m3 

The output was:
1
cc.exe: warning: '-mcpu=' is deprecated; use '-mtune=' or '-march=' instead
cc.exe: error: unrecognized command-line option '--target=arm-arm-none-eabi'


Compiling the C compiler identification source file "CMakeCCompilerId.c" failed.
Compiler: D:/msys64/ucrt64/bin/cc.exe 
Build flags: 
Id flags: -c;-I__does_not_exist__ 

The output was:
1


Compiling the C compiler identification source file "CMakeCCompilerId.c" failed.
Compiler: D:/msys64/ucrt64/bin/cc.exe 
Build flags: 
Id flags:  

The output was:
1


Compiling the C compiler identification source file "CMakeCCompilerId.c" failed.
Compiler: D:/msys64/ucrt64/bin/cc.exe 
Build flags: 
Id flags: -c 

The output was:
1


Compiling the C compiler identification source file "CMakeCCompilerId.c" failed.
Compiler: D:/msys64/ucrt64/bin/cc.exe 
Build flags: 
Id flags: -Aa 

The output was:
1


Compiling the C compiler identification source file "CMakeCCompilerId.c" failed.
Compiler: D:/msys64/ucrt64/bin/cc.exe 
Build flags: 
Id flags: -D__CLASSIC_C__ 

The output was:
1


Compiling the C compiler identification source file "CMakeCCompilerId.c" failed.
Compiler: D:/msys64/ucrt64/bin/cc.exe 
Build flags: 
Id flags: --target=arm-arm-none-eabi;-mcpu=cortex-m3 

The output was:
1
cc.exe: warning: '-mcpu=' is deprecated; use '-mtune=' or '-march=' instead
cc.exe: error: unrecognized command-line option '--target=arm-arm-none-eabi'


Compiling the C compiler identification source file "CMakeCCompilerId.c" failed.
Compiler: D:/msys64/ucrt64/bin/cc.exe 
Build flags: 
Id flags: -c;-I__does_not_exist__ 

The output was:
1


Checking whether the C compiler is IAR using "" did not match "IAR .+ Compiler":
cc.exe: fatal error: no input files
compilation terminated.
Checking whether the C compiler is IAR using "" did not match "IAR .+ Compiler":
cc.exe: fatal error: no input files
compilation terminated.
Compiling the CXX compiler identification source file "CMakeCXXCompilerId.cpp" failed.
Compiler: D:/msys64/ucrt64/bin/c++.exe 
Build flags: 
Id flags:  

The output was:
1


Compiling the CXX compiler identification source file "CMakeCXXCompilerId.cpp" failed.
Compiler: D:/msys64/ucrt64/bin/c++.exe 
Build flags: 
Id flags: -c 

The output was:
1


Compiling the CXX compiler identification source file "CMakeCXXCompilerId.cpp" failed.
Compiler: D:/msys64/ucrt64/bin/c++.exe 
Build flags: 
Id flags: --c++ 

The output was:
1
c++.exe: error: unrecognized command-line option '--c++'


Compiling the CXX compiler identification source file "CMakeCXXCompilerId.cpp" failed.
Compiler: D:/msys64/ucrt64/bin/c++.exe 
Build flags: 
Id flags: --ec++ 

The output was:
1
c++.exe: error: unrecognized command-line option '--ec++'; did you mean '-Weffc++'?


Compiling the CXX compiler identification source file "CMakeCXXCompilerId.cpp" failed.
Compiler: D:/msys64/ucrt64/bin/c++.exe 
Build flags: 
Id flags: --target=arm-arm-none-eabi;-mcpu=cortex-m3 

The output was:
1
c++.exe: warning: '-mcpu=' is deprecated; use '-mtune=' or '-march=' instead
c++.exe: error: unrecognized command-line option '--target=arm-arm-none-eabi'


Compiling the CXX compiler identification source file "CMakeCXXCompilerId.cpp" failed.
Compiler: D:/msys64/ucrt64/bin/c++.exe 
Build flags: 
Id flags: -c;-I__does_not_exist__ 

The output was:
1


Compiling the CXX compiler identification source file "CMakeCXXCompilerId.cpp" failed.
Compiler: D:/msys64/ucrt64/bin/c++.exe 
Build flags: 
Id flags:  

The output was:
1


Compiling the CXX compiler identification source file "CMakeCXXCompilerId.cpp" failed.
Compiler: D:/msys64/ucrt64/bin/c++.exe 
Build flags: 
Id flags: -c 

The output was:
1


Compiling the CXX compiler identification source file "CMakeCXXCompilerId.cpp" failed.
Compiler: D:/msys64/ucrt64/bin/c++.exe 
Build flags: 
Id flags: --c++ 

The output was:
1
c++.exe: error: unrecognized command-line option '--c++'


Compiling the CXX compiler identification source file "CMakeCXXCompilerId.cpp" failed.
Compiler: D:/msys64/ucrt64/bin/c++.exe 
Build flags: 
Id flags: --ec++ 

The output was:
1
c++.exe: error: unrecognized command-line option '--ec++'; did you mean '-Weffc++'?


Compiling the CXX compiler identification source file "CMakeCXXCompilerId.cpp" failed.
Compiler: D:/msys64/ucrt64/bin/c++.exe 
Build flags: 
Id flags: --target=arm-arm-none-eabi;-mcpu=cortex-m3 

The output was:
1
c++.exe: warning: '-mcpu=' is deprecated; use '-mtune=' or '-march=' instead
c++.exe: error: unrecognized command-line option '--target=arm-arm-none-eabi'


Compiling the CXX compiler identification source file "CMakeCXXCompilerId.cpp" failed.
Compiler: D:/msys64/ucrt64/bin/c++.exe 
Build flags: 
Id flags: -c;-I__does_not_exist__ 

The output was:
1


Checking whether the CXX compiler is IAR using "" did not match "IAR .+ Compiler":
c++.exe: fatal error: no input files
compilation terminated.
Checking whether the CXX compiler is IAR using "" did not match "IAR .+ Compiler":
c++.exe: fatal error: no input files
compilation terminated.
Detecting C compiler ABI info failed to compile with the following output:
Change Dir: E:/ESP32_Web/esp-idf-vscode-boilerplate/main/build/CMakeFiles/CMakeTmp

Run Build Command(s):E:/ESP32/Espressif/tools/ninja/1.11.1/ninja.exe cmTC_2db10 && [1/2] Building C object CMakeFiles\cmTC_2db10.dir\CMakeCCompilerABI.c.obj
FAILED: CMakeFiles/cmTC_2db10.dir/CMakeCCompilerABI.c.obj 
D:\msys64\ucrt64\bin\cc.exe    -o CMakeFiles\cmTC_2db10.dir\CMakeCCompilerABI.c.obj -c E:\ESP32\Espressif\tools\cmake\3.24.0\share\cmake-3.24\Modules\CMakeCCompilerABI.c
ninja: build stopped: subcommand failed.




Determining if the C compiler works failed with the following output:
Change Dir: E:/ESP32_Web/esp-idf-vscode-boilerplate/main/build/CMakeFiles/CMakeTmp

Run Build Command(s):E:/ESP32/Espressif/tools/ninja/1.11.1/ninja.exe cmTC_732c8 && [1/2] Building C object CMakeFiles\cmTC_732c8.dir\testCCompiler.c.obj
FAILED: CMakeFiles/cmTC_732c8.dir/testCCompiler.c.obj 
D:\msys64\ucrt64\bin\cc.exe    -o CMakeFiles\cmTC_732c8.dir\testCCompiler.c.obj -c E:\ESP32_Web\esp-idf-vscode-boilerplate\main\build\CMakeFiles\CMakeTmp\testCCompiler.c
ninja: build stopped: subcommand failed.



